<?xml version="1.0" encoding="UTF-8"?>
<testsuite xmlns:xsi="http://www.w3.org/2001/XMLSchema-instance" xsi:noNamespaceSchemaLocation="https://maven.apache.org/surefire/maven-surefire-plugin/xsd/surefire-test-report.xsd" name="xyz.zwxin.work.boxiaotong.utils.ProductUtilTest" time="0.017" tests="6" errors="0" skipped="0" failures="0">
  <properties>
[...]
</properties>
  <testcase name="extractUnitTest" classname="xyz.zwxin.work.boxiaotong.utils.ProductUtilTest" time="0.001"/>
  <testcase name="testCalculateMinPriceUnit1" classname="xyz.zwxin.work.boxiaotong.utils.ProductUtilTest" time="0.011"/>
  <testcase name="testCalculateMinPriceUnit2" classname="xyz.zwxin.work.boxiaotong.utils.ProductUtilTest" time="0.002"/>
  <testcase name="testCalculateMinPriceUnit3" classname="xyz.zwxin.work.boxiaotong.utils.ProductUtilTest" time="0.002"/>
  <testcase name="testCalculateMinPriceUnit4" classname="xyz.zwxin.work.boxiaotong.utils.ProductUtilTest" time="0"/>
  <testcase name="testCalculateMinPriceUnit5" classname="xyz.zwxin.work.boxiaotong.utils.ProductUtilTest" time="0"/>
</testsuite>